{"C:\\Users\\User\\Desktop\\Cursos y Proyectos\\06 - Proyectos con el Stack PERN\\rest_api_node_ts_server\\src\\router.ts": {"path":"C:\\Users\\User\\Desktop\\Cursos y Proyectos\\06 - Proyectos con el Stack PERN\\rest_api_node_ts_server\\src\\router.ts","statementMap":{"0":{"start":{"line":1,"column":0},"end":{"line":1,"column":33}},"1":{"start":{"line":2,"column":0},"end":{"line":2,"column":48}},"2":{"start":{"line":3,"column":0},"end":{"line":3,"column":144}},"3":{"start":{"line":4,"column":0},"end":{"line":4,"column":49}},"4":{"start":{"line":6,"column":15},"end":{"line":6,"column":23}},"5":{"start":{"line":10,"column":0},"end":{"line":10,"column":29}},"6":{"start":{"line":12,"column":0},"end":{"line":18,"column":2}},"7":{"start":{"line":20,"column":0},"end":{"line":32,"column":2}},"8":{"start":{"line":29,"column":27},"end":{"line":29,"column":36}},"9":{"start":{"line":34,"column":0},"end":{"line":51,"column":2}},"10":{"start":{"line":45,"column":27},"end":{"line":45,"column":36}},"11":{"start":{"line":53,"column":0},"end":{"line":59,"column":2}},"12":{"start":{"line":61,"column":0},"end":{"line":67,"column":2}},"13":{"start":{"line":69,"column":0},"end":{"line":69,"column":22}}},"fnMap":{"0":{"name":"(anonymous_0)","decl":{"start":{"line":29,"column":16},"end":{"line":29,"column":17}},"loc":{"start":{"line":29,"column":27},"end":{"line":29,"column":36}}},"1":{"name":"(anonymous_1)","decl":{"start":{"line":45,"column":16},"end":{"line":45,"column":17}},"loc":{"start":{"line":45,"column":27},"end":{"line":45,"column":36}}}},"branchMap":{},"s":{"0":2,"1":2,"2":2,"3":2,"4":2,"5":2,"6":2,"7":2,"8":4,"9":2,"10":5,"11":2,"12":2,"13":2},"f":{"0":4,"1":5},"b":{}}
,"C:\\Users\\User\\Desktop\\Cursos y Proyectos\\06 - Proyectos con el Stack PERN\\rest_api_node_ts_server\\src\\server.ts": {"path":"C:\\Users\\User\\Desktop\\Cursos y Proyectos\\06 - Proyectos con el Stack PERN\\rest_api_node_ts_server\\src\\server.ts","statementMap":{"0":{"start":{"line":7,"column":0},"end":{"line":7,"column":7}},"1":{"start":{"line":1,"column":0},"end":{"line":1,"column":30}},"2":{"start":{"line":2,"column":0},"end":{"line":2,"column":30}},"3":{"start":{"line":3,"column":0},"end":{"line":3,"column":29}},"4":{"start":{"line":4,"column":0},"end":{"line":4,"column":28}},"5":{"start":{"line":8,"column":4},"end":{"line":17,"column":5}},"6":{"start":{"line":9,"column":8},"end":{"line":9,"column":32}},"7":{"start":{"line":10,"column":8},"end":{"line":10,"column":24}},"8":{"start":{"line":11,"column":8},"end":{"line":11,"column":78}},"9":{"start":{"line":13,"column":8},"end":{"line":13,"column":27}},"10":{"start":{"line":14,"column":8},"end":{"line":16,"column":10}},"11":{"start":{"line":21,"column":0},"end":{"line":23,"column":1}},"12":{"start":{"line":22,"column":4},"end":{"line":22,"column":16}},"13":{"start":{"line":25,"column":15},"end":{"line":25,"column":24}},"14":{"start":{"line":28,"column":0},"end":{"line":28,"column":27}},"15":{"start":{"line":31,"column":0},"end":{"line":31,"column":36}},"16":{"start":{"line":34,"column":0},"end":{"line":36,"column":3}},"17":{"start":{"line":35,"column":4},"end":{"line":35,"column":35}},"18":{"start":{"line":38,"column":0},"end":{"line":38,"column":22}}},"fnMap":{"0":{"name":"connectDB","decl":{"start":{"line":7,"column":22},"end":{"line":7,"column":31}},"loc":{"start":{"line":7,"column":31},"end":{"line":18,"column":1}}},"1":{"name":"(anonymous_2)","decl":{"start":{"line":34,"column":19},"end":{"line":34,"column":20}},"loc":{"start":{"line":34,"column":32},"end":{"line":36,"column":1}}}},"branchMap":{"0":{"loc":{"start":{"line":21,"column":0},"end":{"line":23,"column":1}},"type":"if","locations":[{"start":{"line":21,"column":0},"end":{"line":23,"column":1}},{"start":{},"end":{}}]}},"s":{"0":2,"1":2,"2":2,"3":2,"4":2,"5":1,"6":1,"7":0,"8":0,"9":1,"10":1,"11":2,"12":0,"13":2,"14":2,"15":2,"16":2,"17":1,"18":2},"f":{"0":1,"1":1},"b":{"0":[0,2]}}
,"C:\\Users\\User\\Desktop\\Cursos y Proyectos\\06 - Proyectos con el Stack PERN\\rest_api_node_ts_server\\src\\config\\db.ts": {"path":"C:\\Users\\User\\Desktop\\Cursos y Proyectos\\06 - Proyectos con el Stack PERN\\rest_api_node_ts_server\\src\\config\\db.ts","statementMap":{"0":{"start":{"line":1,"column":0},"end":{"line":1,"column":49}},"1":{"start":{"line":2,"column":0},"end":{"line":2,"column":28}},"2":{"start":{"line":4,"column":0},"end":{"line":4,"column":16}},"3":{"start":{"line":6,"column":11},"end":{"line":14,"column":2}},"4":{"start":{"line":16,"column":0},"end":{"line":16,"column":18}}},"fnMap":{},"branchMap":{},"s":{"0":2,"1":2,"2":2,"3":2,"4":2},"f":{},"b":{}}
,"C:\\Users\\User\\Desktop\\Cursos y Proyectos\\06 - Proyectos con el Stack PERN\\rest_api_node_ts_server\\src\\controllers\\productController.ts": {"path":"C:\\Users\\User\\Desktop\\Cursos y Proyectos\\06 - Proyectos con el Stack PERN\\rest_api_node_ts_server\\src\\controllers\\productController.ts","statementMap":{"0":{"start":{"line":2,"column":0},"end":{"line":2,"column":46}},"1":{"start":{"line":6,"column":27},"end":{"line":16,"column":1}},"2":{"start":{"line":7,"column":4},"end":{"line":15,"column":5}},"3":{"start":{"line":8,"column":25},"end":{"line":10,"column":10}},"4":{"start":{"line":11,"column":8},"end":{"line":11,"column":37}},"5":{"start":{"line":13,"column":8},"end":{"line":13,"column":27}},"6":{"start":{"line":14,"column":8},"end":{"line":14,"column":57}},"7":{"start":{"line":6,"column":13},"end":{"line":6,"column":27}},"8":{"start":{"line":19,"column":31},"end":{"line":38,"column":1}},"9":{"start":{"line":20,"column":4},"end":{"line":37,"column":5}},"10":{"start":{"line":21,"column":23},"end":{"line":21,"column":33}},"11":{"start":{"line":22,"column":24},"end":{"line":24,"column":10}},"12":{"start":{"line":27,"column":8},"end":{"line":31,"column":9}},"13":{"start":{"line":28,"column":12},"end":{"line":30,"column":15}},"14":{"start":{"line":33,"column":8},"end":{"line":33,"column":36}},"15":{"start":{"line":35,"column":8},"end":{"line":35,"column":27}},"16":{"start":{"line":36,"column":8},"end":{"line":36,"column":57}},"17":{"start":{"line":19,"column":13},"end":{"line":19,"column":31}},"18":{"start":{"line":41,"column":29},"end":{"line":52,"column":1}},"19":{"start":{"line":42,"column":4},"end":{"line":51,"column":5}},"20":{"start":{"line":43,"column":24},"end":{"line":43,"column":54}},"21":{"start":{"line":44,"column":8},"end":{"line":47,"column":11}},"22":{"start":{"line":49,"column":8},"end":{"line":49,"column":27}},"23":{"start":{"line":50,"column":8},"end":{"line":50,"column":57}},"24":{"start":{"line":41,"column":13},"end":{"line":41,"column":29}},"25":{"start":{"line":55,"column":29},"end":{"line":80,"column":1}},"26":{"start":{"line":56,"column":4},"end":{"line":79,"column":5}},"27":{"start":{"line":58,"column":23},"end":{"line":58,"column":33}},"28":{"start":{"line":59,"column":24},"end":{"line":61,"column":10}},"29":{"start":{"line":63,"column":8},"end":{"line":67,"column":9}},"30":{"start":{"line":64,"column":12},"end":{"line":66,"column":15}},"31":{"start":{"line":70,"column":8},"end":{"line":70,"column":39}},"32":{"start":{"line":71,"column":8},"end":{"line":71,"column":29}},"33":{"start":{"line":73,"column":8},"end":{"line":75,"column":11}},"34":{"start":{"line":77,"column":8},"end":{"line":77,"column":27}},"35":{"start":{"line":78,"column":8},"end":{"line":78,"column":57}},"36":{"start":{"line":55,"column":13},"end":{"line":55,"column":29}},"37":{"start":{"line":83,"column":34},"end":{"line":107,"column":1}},"38":{"start":{"line":84,"column":4},"end":{"line":106,"column":5}},"39":{"start":{"line":86,"column":23},"end":{"line":86,"column":33}},"40":{"start":{"line":87,"column":24},"end":{"line":89,"column":10}},"41":{"start":{"line":91,"column":8},"end":{"line":95,"column":9}},"42":{"start":{"line":92,"column":12},"end":{"line":94,"column":15}},"43":{"start":{"line":99,"column":8},"end":{"line":99,"column":64}},"44":{"start":{"line":100,"column":8},"end":{"line":100,"column":29}},"45":{"start":{"line":102,"column":8},"end":{"line":102,"column":36}},"46":{"start":{"line":104,"column":8},"end":{"line":104,"column":27}},"47":{"start":{"line":105,"column":8},"end":{"line":105,"column":57}},"48":{"start":{"line":83,"column":13},"end":{"line":83,"column":34}},"49":{"start":{"line":110,"column":29},"end":{"line":130,"column":1}},"50":{"start":{"line":111,"column":4},"end":{"line":129,"column":5}},"51":{"start":{"line":112,"column":23},"end":{"line":112,"column":33}},"52":{"start":{"line":113,"column":24},"end":{"line":115,"column":10}},"53":{"start":{"line":117,"column":8},"end":{"line":121,"column":9}},"54":{"start":{"line":118,"column":12},"end":{"line":120,"column":15}},"55":{"start":{"line":124,"column":8},"end":{"line":124,"column":32}},"56":{"start":{"line":125,"column":8},"end":{"line":125,"column":48}},"57":{"start":{"line":127,"column":8},"end":{"line":127,"column":27}},"58":{"start":{"line":128,"column":8},"end":{"line":128,"column":57}},"59":{"start":{"line":110,"column":13},"end":{"line":110,"column":29}}},"fnMap":{"0":{"name":"(anonymous_1)","decl":{"start":{"line":6,"column":27},"end":{"line":6,"column":32}},"loc":{"start":{"line":6,"column":65},"end":{"line":16,"column":1}}},"1":{"name":"(anonymous_2)","decl":{"start":{"line":19,"column":31},"end":{"line":19,"column":36}},"loc":{"start":{"line":19,"column":69},"end":{"line":38,"column":1}}},"2":{"name":"(anonymous_3)","decl":{"start":{"line":41,"column":29},"end":{"line":41,"column":34}},"loc":{"start":{"line":41,"column":67},"end":{"line":52,"column":1}}},"3":{"name":"(anonymous_4)","decl":{"start":{"line":55,"column":29},"end":{"line":55,"column":34}},"loc":{"start":{"line":55,"column":67},"end":{"line":80,"column":1}}},"4":{"name":"(anonymous_5)","decl":{"start":{"line":83,"column":34},"end":{"line":83,"column":39}},"loc":{"start":{"line":83,"column":72},"end":{"line":107,"column":1}}},"5":{"name":"(anonymous_6)","decl":{"start":{"line":110,"column":29},"end":{"line":110,"column":34}},"loc":{"start":{"line":110,"column":67},"end":{"line":130,"column":1}}}},"branchMap":{"0":{"loc":{"start":{"line":27,"column":8},"end":{"line":31,"column":9}},"type":"if","locations":[{"start":{"line":27,"column":8},"end":{"line":31,"column":9}},{"start":{},"end":{}}]},"1":{"loc":{"start":{"line":63,"column":8},"end":{"line":67,"column":9}},"type":"if","locations":[{"start":{"line":63,"column":8},"end":{"line":67,"column":9}},{"start":{},"end":{}}]},"2":{"loc":{"start":{"line":91,"column":8},"end":{"line":95,"column":9}},"type":"if","locations":[{"start":{"line":91,"column":8},"end":{"line":95,"column":9}},{"start":{},"end":{}}]},"3":{"loc":{"start":{"line":117,"column":8},"end":{"line":121,"column":9}},"type":"if","locations":[{"start":{"line":117,"column":8},"end":{"line":121,"column":9}},{"start":{},"end":{}}]}},"s":{"0":2,"1":2,"2":2,"3":2,"4":2,"5":0,"6":0,"7":2,"8":2,"9":2,"10":2,"11":2,"12":2,"13":1,"14":1,"15":0,"16":0,"17":2,"18":2,"19":1,"20":1,"21":1,"22":0,"23":0,"24":2,"25":2,"26":2,"27":2,"28":2,"29":2,"30":1,"31":1,"32":1,"33":1,"34":0,"35":0,"36":2,"37":2,"38":2,"39":2,"40":2,"41":2,"42":1,"43":1,"44":1,"45":1,"46":0,"47":0,"48":2,"49":2,"50":2,"51":2,"52":2,"53":2,"54":1,"55":1,"56":1,"57":0,"58":0,"59":2},"f":{"0":2,"1":2,"2":1,"3":2,"4":2,"5":2},"b":{"0":[1,1],"1":[1,1],"2":[1,1],"3":[1,1]}}
,"C:\\Users\\User\\Desktop\\Cursos y Proyectos\\06 - Proyectos con el Stack PERN\\rest_api_node_ts_server\\src\\middleware\\index.ts": {"path":"C:\\Users\\User\\Desktop\\Cursos y Proyectos\\06 - Proyectos con el Stack PERN\\rest_api_node_ts_server\\src\\middleware\\index.ts","statementMap":{"0":{"start":{"line":2,"column":0},"end":{"line":2,"column":53}},"1":{"start":{"line":4,"column":33},"end":{"line":10,"column":1}},"2":{"start":{"line":5,"column":17},"end":{"line":5,"column":38}},"3":{"start":{"line":6,"column":4},"end":{"line":8,"column":5}},"4":{"start":{"line":7,"column":8},"end":{"line":7,"column":64}},"5":{"start":{"line":9,"column":4},"end":{"line":9,"column":11}},"6":{"start":{"line":4,"column":13},"end":{"line":4,"column":33}}},"fnMap":{"0":{"name":"(anonymous_0)","decl":{"start":{"line":4,"column":33},"end":{"line":4,"column":34}},"loc":{"start":{"line":4,"column":85},"end":{"line":10,"column":1}}}},"branchMap":{"0":{"loc":{"start":{"line":6,"column":4},"end":{"line":8,"column":5}},"type":"if","locations":[{"start":{"line":6,"column":4},"end":{"line":8,"column":5}},{"start":{},"end":{}}]}},"s":{"0":2,"1":2,"2":18,"3":18,"4":9,"5":9,"6":2},"f":{"0":18},"b":{"0":[9,9]}}
,"C:\\Users\\User\\Desktop\\Cursos y Proyectos\\06 - Proyectos con el Stack PERN\\rest_api_node_ts_server\\src\\models\\Product.model.ts": {"path":"C:\\Users\\User\\Desktop\\Cursos y Proyectos\\06 - Proyectos con el Stack PERN\\rest_api_node_ts_server\\src\\models\\Product.model.ts","statementMap":{"0":{"start":{"line":1,"column":0},"end":{"line":1,"column":null}},"1":{"start":{"line":13,"column":0},"end":{"line":44,"column":null}},"2":{"start":{"line":18,"column":12},"end":{"line":18,"column":null}},"3":{"start":{"line":24,"column":12},"end":{"line":24,"column":null}},"4":{"start":{"line":31,"column":12},"end":{"line":31,"column":null}},"5":{"start":{"line":37,"column":12},"end":{"line":37,"column":null}},"6":{"start":{"line":43,"column":12},"end":{"line":43,"column":null}},"7":{"start":{"line":13,"column":6},"end":{"line":44,"column":null}},"8":{"start":{"line":46,"column":0},"end":{"line":46,"column":23}}},"fnMap":{},"branchMap":{},"s":{"0":3,"1":3,"2":3,"3":3,"4":3,"5":3,"6":3,"7":3,"8":3},"f":{},"b":{}}
}
