TN:
SF:src\router.ts
FN:29,(anonymous_0)
FN:45,(anonymous_1)
FNF:2
FNH:2
FNDA:4,(anonymous_0)
FNDA:5,(anonymous_1)
DA:1,2
DA:2,2
DA:3,2
DA:4,2
DA:6,2
DA:10,2
DA:12,2
DA:20,2
DA:29,4
DA:34,2
DA:45,5
DA:53,2
DA:61,2
DA:69,2
LF:14
LH:14
BRF:0
BRH:0
end_of_record
TN:
SF:src\server.ts
FN:7,connectDB
FN:34,(anonymous_2)
FNF:2
FNH:2
FNDA:1,connectDB
FNDA:1,(anonymous_2)
DA:1,2
DA:2,2
DA:3,2
DA:4,2
DA:7,2
DA:8,1
DA:9,1
DA:10,0
DA:11,0
DA:13,1
DA:14,1
DA:21,2
DA:22,0
DA:25,2
DA:28,2
DA:31,2
DA:34,2
DA:35,1
DA:38,2
LF:19
LH:16
BRDA:21,0,0,0
BRDA:21,0,1,2
BRF:2
BRH:1
end_of_record
TN:
SF:src\config\db.ts
FNF:0
FNH:0
DA:1,2
DA:2,2
DA:4,2
DA:6,2
DA:16,2
LF:5
LH:5
BRF:0
BRH:0
end_of_record
TN:
SF:src\controllers\productController.ts
FN:6,(anonymous_1)
FN:19,(anonymous_2)
FN:41,(anonymous_3)
FN:55,(anonymous_4)
FN:83,(anonymous_5)
FN:110,(anonymous_6)
FNF:6
FNH:6
FNDA:2,(anonymous_1)
FNDA:2,(anonymous_2)
FNDA:1,(anonymous_3)
FNDA:2,(anonymous_4)
FNDA:2,(anonymous_5)
FNDA:2,(anonymous_6)
DA:2,2
DA:6,2
DA:7,2
DA:8,2
DA:11,2
DA:13,0
DA:14,0
DA:19,2
DA:20,2
DA:21,2
DA:22,2
DA:27,2
DA:28,1
DA:33,1
DA:35,0
DA:36,0
DA:41,2
DA:42,1
DA:43,1
DA:44,1
DA:49,0
DA:50,0
DA:55,2
DA:56,2
DA:58,2
DA:59,2
DA:63,2
DA:64,1
DA:70,1
DA:71,1
DA:73,1
DA:77,0
DA:78,0
DA:83,2
DA:84,2
DA:86,2
DA:87,2
DA:91,2
DA:92,1
DA:99,1
DA:100,1
DA:102,1
DA:104,0
DA:105,0
DA:110,2
DA:111,2
DA:112,2
DA:113,2
DA:117,2
DA:118,1
DA:124,1
DA:125,1
DA:127,0
DA:128,0
LF:54
LH:42
BRDA:27,0,0,1
BRDA:27,0,1,1
BRDA:63,1,0,1
BRDA:63,1,1,1
BRDA:91,2,0,1
BRDA:91,2,1,1
BRDA:117,3,0,1
BRDA:117,3,1,1
BRF:8
BRH:8
end_of_record
TN:
SF:src\middleware\index.ts
FN:4,(anonymous_0)
FNF:1
FNH:1
FNDA:18,(anonymous_0)
DA:2,2
DA:4,2
DA:5,18
DA:6,18
DA:7,9
DA:9,9
LF:6
LH:6
BRDA:6,0,0,9
BRDA:6,0,1,9
BRF:2
BRH:2
end_of_record
TN:
SF:src\models\Product.model.ts
FNF:0
FNH:0
DA:1,3
DA:13,3
DA:18,3
DA:24,3
DA:31,3
DA:37,3
DA:43,3
DA:46,3
LF:8
LH:8
BRF:0
BRH:0
end_of_record
